<?xml version="1.0" encoding="UTF-8"?>
<!-- Generated by org.testng.reporters.JUnitReportReporter -->
<testsuite hostname="SAURABH" failures="0" tests="1" name="RestAssuredFramework.ScratchRestAssured.AppTest" time="0.006" errors="0" timestamp="2024-08-27T20:13:58 IST" skipped="0">
  <testcase classname="RestAssuredFramework.ScratchRestAssured.AppTest" name="shouldAnswerWithTrue" time="0.006"/>
  <system-out/>
</testsuite> <!-- RestAssuredFramework.ScratchRestAssured.AppTest -->
